<?xml version="1.0" encoding="UTF-8"?>
<!-- Generated by org.testng.reporters.JUnitReportReporter -->
<testsuite skipped="0" hostname="DESKTOP-MAA35J2" name="com.testdemo.test_demo.NewTest" tests="6" failures="0" timestamp="18 Jul 2020 13:09:16 GMT" time="48.272" errors="0">
  <testcase name="openurl" time="9.550" classname="com.testdemo.test_demo.NewTest"/>
  <testcase name="register" time="8.175" classname="com.testdemo.test_demo.NewTest"/>
  <testcase name="details" time="5.028" classname="com.testdemo.test_demo.NewTest"/>
  <testcase name="login" time="11.305" classname="com.testdemo.test_demo.NewTest"/>
  <testcase name="search" time="3.186" classname="com.testdemo.test_demo.NewTest"/>
  <testcase name="addToCart" time="11.028" classname="com.testdemo.test_demo.NewTest"/>
</testsuite> <!-- com.testdemo.test_demo.NewTest -->
